  Gtest.cpp
Src\Gtest.cpp(3): fatal error C1083: Cannot open include file: 'gtest/gtest.h': No such file or directory
  sample1.cc
  sample1_unittest.cc
Src\samples\sample1_unittest.cc(48): fatal error C1083: Cannot open include file: 'gtest/gtest.h': No such file or directory
